
ROM used: 777 (9%)
          777 (9%) including unused fragments

          1 Average locations per line
          5 Average locations per statement

RAM used: 10 (3%) at main() level
          24 (7%) worst case

Stack used: 6 worst case (out of 8 total available)

Lines Stmts  %   Files
----- ----- ---  -----
  148    82  49  Mach_CB_Mua_DHT11_LCD_Loa_Pic.c
  326     0   0  D:\Program Files (x86)\PICC\devices\16F877a.h
  352    86  51  D:\Program Files (x86)\PICC\drivers\lcd.c
----- -----
  826   168 Total

Page ROM  %  RAM   Vol Diff  Functions:
---- --- --- ---   --- ----  ----------
0     20   3   1             @delay_ms1
0      8   1   0             @const73
 Inline        3   751  4.5  lcd_read_byte
0     49   6   2   254  3.7  lcd_read_nibble
0     46   6   1   391  2.4  lcd_send_nibble
0     94  12   3   391  3.4  lcd_send_byte
 Inline        2   660  4.9  lcd_init
0     18   2   4   186  5.5  lcd_gotoxy
0     37   5   1   272  4.1  lcd_putc
0     80  10   0   143  1.3  setup
 Inline       15  1466 10.5  DHT_GetTemHumi
0    206  27   1   534  4.7  doc_dht11
0      2   0   0             @const116
0     70   9   3             @PSTRINGC7_91
0     21   3   3             @DIV88
0      3   0   0             @const121
0      2   0   0             @const122
0      8   1   0             @const123
0     72   9   1   364  3.2  kiemtra
0      9   1   0             @const125
0      9   1   0             @const126
0     19   2   0    50  1.3  MAIN

Program metrics:
    Functions               12
    Statements              168
    Comments                175
    Volume (V)              8625
    Difficilty (D)          48.8
    Effort to implement (E) 420796
    Time to implement (T)   6 hours, 30 minutes
    Est Delivered Bugs (B)  2
    Cyclomatic Complexity   15
    Maintainability (MI)    76

 Segment     Used  Free
-----------  ----  ----
00000-00003     4  0  
00004-007FF   773  1271  
00800-00FFF     0  2048  
01000-017FF     0  2048  
01800-01FFF     0  2048  



